31|tv-series-srvr  |  ws connected
31|tv-series-srvr  |  received 1`getSeries`
31|tv-series-srvr  |  received 2`getRejects`
31|tv-series-srvr  |  received 3`getPickups`
31|tv-series-srvr  |  resolved 2
31|tv-series-srvr  |  resolved 3
31|tv-series-srvr  |  Archer: { dirent: 'Archer (2009)', seriesPath: '/mnt/media/tv/Archer (2009)' }
31|tv-series-srvr  |  resolved 1
31|tv-series-srvr  |  received 4`getSeries`
31|tv-series-srvr  |  received 5`getRejects`
31|tv-series-srvr  |  received 6`getPickups`
31|tv-series-srvr  |  resolved 5
31|tv-series-srvr  |  resolved 6
31|tv-series-srvr  |  Archer: { dirent: 'Archer (2009)', seriesPath: '/mnt/media/tv/Archer (2009)' }
31|tv-series-srvr  |  resolved 4
31|tv-series-srvr  |  received 7`renameFile`Big Bad World (2013):::Big Bad World
31|tv-series-srvr  | {
31|tv-series-srvr  |   parts: [
31|tv-series-srvr  |     'Big Bad World (2013):::Big Bad World',
31|tv-series-srvr  |     'Big Bad World (2013)',
31|tv-series-srvr  |     'Big Bad World',
31|tv-series-srvr  |     index: 0,
31|tv-series-srvr  |     input: 'Big Bad World (2013):::Big Bad World',
31|tv-series-srvr  |     groups: undefined
31|tv-series-srvr  |   ],
31|tv-series-srvr  |   paths: 'Big Bad World (2013):::Big Bad World'
31|tv-series-srvr  | }
31|tv-series-srvr  |  renaming: Big Bad World (2013) Big Bad World
31|tv-series-srvr  |  resolved 7
31|tv-series-srvr  |  received 8`renameFile`Drops of God (2023):::Drops of God
31|tv-series-srvr  | {
31|tv-series-srvr  |   parts: [
31|tv-series-srvr  |     'Drops of God (2023):::Drops of God',
31|tv-series-srvr  |     'Drops of God (2023)',
31|tv-series-srvr  |     'Drops of God',
31|tv-series-srvr  |     index: 0,
31|tv-series-srvr  |     input: 'Drops of God (2023):::Drops of God',
31|tv-series-srvr  |     groups: undefined
31|tv-series-srvr  |   ],
31|tv-series-srvr  |   paths: 'Drops of God (2023):::Drops of God'
31|tv-series-srvr  | }
31|tv-series-srvr  |  renaming: Drops of God (2023) Drops of God
31|tv-series-srvr  |  resolved 8
31|tv-series-srvr  |  received 9`renameFile`Les Gouttes de Dieu (2023):::Drops of God (2023)
31|tv-series-srvr  | {
31|tv-series-srvr  |   parts: [
31|tv-series-srvr  |     'Les Gouttes de Dieu (2023):::Drops of God (2023)',
31|tv-series-srvr  |     'Les Gouttes de Dieu (2023)',
31|tv-series-srvr  |     'Drops of God (2023)',
31|tv-series-srvr  |     index: 0,
31|tv-series-srvr  |     input: 'Les Gouttes de Dieu (2023):::Drops of God (2023)',
31|tv-series-srvr  |     groups: undefined
31|tv-series-srvr  |   ],
31|tv-series-srvr  |   paths: 'Les Gouttes de Dieu (2023):::Drops of God (2023)'
31|tv-series-srvr  | }
31|tv-series-srvr  |  renaming: Les Gouttes de Dieu (2023) Drops of God (2023)
31|tv-series-srvr  |  resolved 9
31|tv-series-srvr  |  received 10`renameFile`Great Expectations (2023):::Great Expectations
31|tv-series-srvr  | {
31|tv-series-srvr  |   parts: [
31|tv-series-srvr  |     'Great Expectations (2023):::Great Expectations',
31|tv-series-srvr  |     'Great Expectations (2023)',
31|tv-series-srvr  |     'Great Expectations',
31|tv-series-srvr  |     index: 0,
31|tv-series-srvr  |     input: 'Great Expectations (2023):::Great Expectations',
31|tv-series-srvr  |     groups: undefined
31|tv-series-srvr  |   ],
31|tv-series-srvr  |   paths: 'Great Expectations (2023):::Great Expectations'
31|tv-series-srvr  | }
31|tv-series-srvr  |  renaming: Great Expectations (2023) Great Expectations
31|tv-series-srvr  |  resolved 10
31|tv-series-srvr  |  received 11`renameFile`Love Me (2021):::Love Me
31|tv-series-srvr  | {
31|tv-series-srvr  |   parts: [
31|tv-series-srvr  |     'Love Me (2021):::Love Me',
31|tv-series-srvr  |     'Love Me (2021)',
31|tv-series-srvr  |     'Love Me',
31|tv-series-srvr  |     index: 0,
31|tv-series-srvr  |     input: 'Love Me (2021):::Love Me',
31|tv-series-srvr  |     groups: undefined
31|tv-series-srvr  |   ],
31|tv-series-srvr  |   paths: 'Love Me (2021):::Love Me'
31|tv-series-srvr  | }
31|tv-series-srvr  |  renaming: Love Me (2021) Love Me
31|tv-series-srvr  |  resolved 11
31|tv-series-srvr  |  received 12`renameFile`One Day (2024):::One Day
31|tv-series-srvr  | {
31|tv-series-srvr  |   parts: [
31|tv-series-srvr  |     'One Day (2024):::One Day',
31|tv-series-srvr  |     'One Day (2024)',
31|tv-series-srvr  |     'One Day',
31|tv-series-srvr  |     index: 0,
31|tv-series-srvr  |     input: 'One Day (2024):::One Day',
31|tv-series-srvr  |     groups: undefined
31|tv-series-srvr  |   ],
31|tv-series-srvr  |   paths: 'One Day (2024):::One Day'
31|tv-series-srvr  | }
31|tv-series-srvr  |  renaming: One Day (2024) One Day
31|tv-series-srvr  |  resolved 12
31|tv-series-srvr  |  received 13`renameFile`Sherwood (2022):::Sherwood
31|tv-series-srvr  | {
31|tv-series-srvr  |   parts: [
31|tv-series-srvr  |     'Sherwood (2022):::Sherwood',
31|tv-series-srvr  |     'Sherwood (2022)',
31|tv-series-srvr  |     'Sherwood',
31|tv-series-srvr  |     index: 0,
31|tv-series-srvr  |     input: 'Sherwood (2022):::Sherwood',
31|tv-series-srvr  |     groups: undefined
31|tv-series-srvr  |   ],
31|tv-series-srvr  |   paths: 'Sherwood (2022):::Sherwood'
31|tv-series-srvr  | }
31|tv-series-srvr  |  renaming: Sherwood (2022) Sherwood
31|tv-series-srvr  |  resolved 13
31|tv-series-srvr  |  received 14`getSeries`
31|tv-series-srvr  |  received 15`getRejects`
31|tv-series-srvr  |  received 16`getPickups`
31|tv-series-srvr  |  resolved 15
31|tv-series-srvr  |  resolved 16

31|tv-series-srvr  |  resolved 1
31|tv-series-srvr  |  received 4`renameFile`Big Bad World:::Big Bad World (2013)
31|tv-series-srvr  | {
31|tv-series-srvr  |   parts: [
31|tv-series-srvr  |     'Big Bad World:::Big Bad World (2013)',
31|tv-series-srvr  |     'Big Bad World',
31|tv-series-srvr  |     'Big Bad World (2013)',
31|tv-series-srvr  |     index: 0,
31|tv-series-srvr  |     input: 'Big Bad World:::Big Bad World (2013)',
31|tv-series-srvr  |     groups: undefined
31|tv-series-srvr  |   ],
31|tv-series-srvr  |   paths: 'Big Bad World:::Big Bad World (2013)'
31|tv-series-srvr  | }
31|tv-series-srvr  |  renaming: Big Bad World Big Bad World (2013)
31|tv-series-srvr  |  resolved 4
31|tv-series-srvr  |  received 5`getSeries`
31|tv-series-srvr  |  received 6`getRejects`
31|tv-series-srvr  |  resolved 6
31|tv-series-srvr  |  received 7`getPickups`
31|tv-series-srvr  |  resolved 7
